c:\users\mikołaj\desktop\project1\tp_2017\winda_813124d926c844fe89c1d9f2269befb8\project1\project1\debug\vc141.pdb
c:\users\mikołaj\desktop\project1\tp_2017\winda_813124d926c844fe89c1d9f2269befb8\project1\project1\debug\.netframework,version=v4.5.assemblyattributes.obj
c:\users\mikołaj\desktop\project1\tp_2017\winda_813124d926c844fe89c1d9f2269befb8\project1\project1\debug\.netframework,version=v4.5.assemblyattributes.asm
c:\users\mikołaj\desktop\project1\tp_2017\winda_813124d926c844fe89c1d9f2269befb8\project1\project1\debug\myform.obj
c:\users\miki\desktop\winda_813124d926c844fe89c1d9f2269befb8\project1\project1\debug\vc141.pdb
c:\users\miki\desktop\winda_813124d926c844fe89c1d9f2269befb8\project1\project1\debug\myform.obj
c:\users\miki\desktop\winda_813124d926c844fe89c1d9f2269befb8\project1\project1\debug\.netframework,version=v4.5.assemblyattributes.obj
c:\users\miki\desktop\winda_813124d926c844fe89c1d9f2269befb8\project1\project1\debug\.netframework,version=v4.5.assemblyattributes.asm
c:\users\mikołaj\desktop\project1\tp_2017\winda_813124d926c844fe89c1d9f2269befb8\project1\debug\project1.exe
c:\users\mikołaj\desktop\project1\tp_2017\winda_813124d926c844fe89c1d9f2269befb8\project1\debug\project1.pdb
c:\users\miki\desktop\winda_813124d926c844fe89c1d9f2269befb8\project1\debug\project1.exe
c:\users\miki\desktop\winda_813124d926c844fe89c1d9f2269befb8\project1\debug\project1.pdb
c:\users\mikołaj\desktop\project1\tp_2017\winda_813124d926c844fe89c1d9f2269befb8\project1\project1\debug\project1.myform.resources
c:\users\miki\desktop\winda_813124d926c844fe89c1d9f2269befb8\project1\project1\debug\project1.myform.resources
c:\users\miki\desktop\winda_813124d926c844fe89c1d9f2269befb8\project1\project1\debug\project1.vcxproj.generateresource.cache
c:\users\miki\desktop\winda_813124d926c844fe89c1d9f2269befb8\project1\project1\debug\project1.vcxprojassemblyreference.cache
c:\users\miki\desktop\winda_813124d926c844fe89c1d9f2269befb8\project1\project1\debug\project1.tlog\cl.command.1.tlog
c:\users\miki\desktop\winda_813124d926c844fe89c1d9f2269befb8\project1\project1\debug\project1.tlog\cl.read.1.tlog
c:\users\miki\desktop\winda_813124d926c844fe89c1d9f2269befb8\project1\project1\debug\project1.tlog\cl.write.1.tlog
c:\users\miki\desktop\winda_813124d926c844fe89c1d9f2269befb8\project1\project1\debug\project1.tlog\link.command.1.tlog
c:\users\miki\desktop\winda_813124d926c844fe89c1d9f2269befb8\project1\project1\debug\project1.tlog\link.read.1.tlog
c:\users\miki\desktop\winda_813124d926c844fe89c1d9f2269befb8\project1\project1\debug\project1.tlog\link.write.1.tlog
c:\users\miki\desktop\winda_813124d926c844fe89c1d9f2269befb8\project1\project1\debug\project1.tlog\metagen.read.1.tlog
c:\users\miki\desktop\winda_813124d926c844fe89c1d9f2269befb8\project1\project1\debug\project1.tlog\metagen.write.1.tlog
c:\users\miki\desktop\winda_813124d926c844fe89c1d9f2269befb8\project1\project1\debug\project1.tlog\project1.write.1u.tlog
c:\users\miki\desktop\winda_813124d926c844fe89c1d9f2269befb8\project1\project1\debug\project1.tlog\tzres.dll.bi
